2025-04-28 16:02:38,346 [Worker-1: Loading available Gradle versions] INFO  o.e.b.c.i.u.g.PublishedGradleVersions - Gradle version information cache is out-of-date. Trying to update.
2025-04-28 16:41:53,843 [ModalContext] INFO  o.e.m.c.i.e.AbstractTransferListenerAdapter - Downloading https://repo.maven.apache.org/maven2/org/apache/maven/archetypes/maven-archetype-quickstart/1.5/maven-archetype-quickstart-1.5.pom
2025-04-28 16:41:53,870 [ModalContext] INFO  o.e.m.c.i.e.AbstractTransferListenerAdapter - Downloaded https://repo.maven.apache.org/maven2/org/apache/maven/archetypes/maven-archetype-quickstart/1.5/maven-archetype-quickstart-1.5.pom
2025-04-28 16:41:53,904 [ModalContext] INFO  o.e.m.c.i.e.AbstractTransferListenerAdapter - Downloading https://repo.maven.apache.org/maven2/org/apache/maven/archetypes/maven-archetype-bundles/1.5/maven-archetype-bundles-1.5.pom
2025-04-28 16:41:53,922 [ModalContext] INFO  o.e.m.c.i.e.AbstractTransferListenerAdapter - Downloaded https://repo.maven.apache.org/maven2/org/apache/maven/archetypes/maven-archetype-bundles/1.5/maven-archetype-bundles-1.5.pom
2025-04-28 16:41:54,000 [ModalContext] INFO  o.e.m.c.i.e.AbstractTransferListenerAdapter - Downloading https://repo.maven.apache.org/maven2/org/apache/maven/archetypes/maven-archetype-quickstart/1.5/maven-archetype-quickstart-1.5.jar
2025-04-28 16:41:54,162 [ModalContext] INFO  o.e.m.c.i.e.AbstractTransferListenerAdapter - Downloaded https://repo.maven.apache.org/maven2/org/apache/maven/archetypes/maven-archetype-quickstart/1.5/maven-archetype-quickstart-1.5.jar
2025-04-28 16:42:22,711 [Worker-25: Launching mavenrun-8e3a7325-1414-45d7-b519-2f77e61a7b81] INFO  o.eclipse.m2e.core.internal.Bundles - getClasspathEntries(Bundle=org.eclipse.m2e.maven.runtime_3.9.900.20240824-1409 [299])
2025-04-28 16:42:22,713 [Worker-25: Launching mavenrun-8e3a7325-1414-45d7-b519-2f77e61a7b81] INFO  o.eclipse.m2e.core.internal.Bundles - 	Entry: C:\Users\liyakath.s\.p2\pool\plugins\org.eclipse.m2e.maven.runtime_3.9.900.20240824-1409
2025-04-28 16:42:22,713 [Worker-25: Launching mavenrun-8e3a7325-1414-45d7-b519-2f77e61a7b81] INFO  o.eclipse.m2e.core.internal.Bundles - 	Entry: C:\Users\liyakath.s\.p2\pool\plugins\org.eclipse.m2e.maven.runtime_3.9.900.20240824-1409\jars\aopalliance-1.0.jar
2025-04-28 16:42:22,714 [Worker-25: Launching mavenrun-8e3a7325-1414-45d7-b519-2f77e61a7b81] INFO  o.eclipse.m2e.core.internal.Bundles - 	Entry: C:\Users\liyakath.s\.p2\pool\plugins\org.eclipse.m2e.maven.runtime_3.9.900.20240824-1409\jars\guice-5.1.0.jar
2025-04-28 16:42:22,714 [Worker-25: Launching mavenrun-8e3a7325-1414-45d7-b519-2f77e61a7b81] INFO  o.eclipse.m2e.core.internal.Bundles - 	Entry: C:\Users\liyakath.s\.p2\pool\plugins\org.eclipse.m2e.maven.runtime_3.9.900.20240824-1409\jars\httpclient-4.5.14.jar
2025-04-28 16:42:22,714 [Worker-25: Launching mavenrun-8e3a7325-1414-45d7-b519-2f77e61a7b81] INFO  o.eclipse.m2e.core.internal.Bundles - 	Entry: C:\Users\liyakath.s\.p2\pool\plugins\org.eclipse.m2e.maven.runtime_3.9.900.20240824-1409\jars\httpcore-4.4.16.jar
2025-04-28 16:42:22,715 [Worker-25: Launching mavenrun-8e3a7325-1414-45d7-b519-2f77e61a7b81] INFO  o.eclipse.m2e.core.internal.Bundles - 	Entry: C:\Users\liyakath.s\.p2\pool\plugins\org.eclipse.m2e.maven.runtime_3.9.900.20240824-1409\jars\jansi-2.4.1.jar
2025-04-28 16:42:22,715 [Worker-25: Launching mavenrun-8e3a7325-1414-45d7-b519-2f77e61a7b81] INFO  o.eclipse.m2e.core.internal.Bundles - 	Entry: C:\Users\liyakath.s\.p2\pool\plugins\org.eclipse.m2e.maven.runtime_3.9.900.20240824-1409\jars\jcl-over-slf4j-1.7.36.jar
2025-04-28 16:42:22,715 [Worker-25: Launching mavenrun-8e3a7325-1414-45d7-b519-2f77e61a7b81] INFO  o.eclipse.m2e.core.internal.Bundles - 	Entry: C:\Users\liyakath.s\.p2\pool\plugins\org.eclipse.m2e.maven.runtime_3.9.900.20240824-1409\jars\maven-artifact-3.9.9.jar
2025-04-28 16:42:22,716 [Worker-25: Launching mavenrun-8e3a7325-1414-45d7-b519-2f77e61a7b81] INFO  o.eclipse.m2e.core.internal.Bundles - 	Entry: C:\Users\liyakath.s\.p2\pool\plugins\org.eclipse.m2e.maven.runtime_3.9.900.20240824-1409\jars\maven-builder-support-3.9.9.jar
2025-04-28 16:42:22,716 [Worker-25: Launching mavenrun-8e3a7325-1414-45d7-b519-2f77e61a7b81] INFO  o.eclipse.m2e.core.internal.Bundles - 	Entry: C:\Users\liyakath.s\.p2\pool\plugins\org.eclipse.m2e.maven.runtime_3.9.900.20240824-1409\jars\maven-compat-3.9.9.jar
2025-04-28 16:42:22,717 [Worker-25: Launching mavenrun-8e3a7325-1414-45d7-b519-2f77e61a7b81] INFO  o.eclipse.m2e.core.internal.Bundles - 	Entry: C:\Users\liyakath.s\.p2\pool\plugins\org.eclipse.m2e.maven.runtime_3.9.900.20240824-1409\jars\maven-core-3.9.9.jar
2025-04-28 16:42:22,717 [Worker-25: Launching mavenrun-8e3a7325-1414-45d7-b519-2f77e61a7b81] INFO  o.eclipse.m2e.core.internal.Bundles - 	Entry: C:\Users\liyakath.s\.p2\pool\plugins\org.eclipse.m2e.maven.runtime_3.9.900.20240824-1409\jars\maven-embedder-3.9.9.jar
2025-04-28 16:42:22,717 [Worker-25: Launching mavenrun-8e3a7325-1414-45d7-b519-2f77e61a7b81] INFO  o.eclipse.m2e.core.internal.Bundles - 	Entry: C:\Users\liyakath.s\.p2\pool\plugins\org.eclipse.m2e.maven.runtime_3.9.900.20240824-1409\jars\maven-model-3.9.9.jar
2025-04-28 16:42:22,717 [Worker-25: Launching mavenrun-8e3a7325-1414-45d7-b519-2f77e61a7b81] INFO  o.eclipse.m2e.core.internal.Bundles - 	Entry: C:\Users\liyakath.s\.p2\pool\plugins\org.eclipse.m2e.maven.runtime_3.9.900.20240824-1409\jars\maven-model-builder-3.9.9.jar
2025-04-28 16:42:22,718 [Worker-25: Launching mavenrun-8e3a7325-1414-45d7-b519-2f77e61a7b81] INFO  o.eclipse.m2e.core.internal.Bundles - 	Entry: C:\Users\liyakath.s\.p2\pool\plugins\org.eclipse.m2e.maven.runtime_3.9.900.20240824-1409\jars\maven-plugin-api-3.9.9.jar
2025-04-28 16:42:22,718 [Worker-25: Launching mavenrun-8e3a7325-1414-45d7-b519-2f77e61a7b81] INFO  o.eclipse.m2e.core.internal.Bundles - 	Entry: C:\Users\liyakath.s\.p2\pool\plugins\org.eclipse.m2e.maven.runtime_3.9.900.20240824-1409\jars\maven-repository-metadata-3.9.9.jar
2025-04-28 16:42:22,718 [Worker-25: Launching mavenrun-8e3a7325-1414-45d7-b519-2f77e61a7b81] INFO  o.eclipse.m2e.core.internal.Bundles - 	Entry: C:\Users\liyakath.s\.p2\pool\plugins\org.eclipse.m2e.maven.runtime_3.9.900.20240824-1409\jars\maven-resolver-api-1.9.22.jar
2025-04-28 16:42:22,719 [Worker-25: Launching mavenrun-8e3a7325-1414-45d7-b519-2f77e61a7b81] INFO  o.eclipse.m2e.core.internal.Bundles - 	Entry: C:\Users\liyakath.s\.p2\pool\plugins\org.eclipse.m2e.maven.runtime_3.9.900.20240824-1409\jars\maven-resolver-connector-basic-1.9.22.jar
2025-04-28 16:42:22,719 [Worker-25: Launching mavenrun-8e3a7325-1414-45d7-b519-2f77e61a7b81] INFO  o.eclipse.m2e.core.internal.Bundles - 	Entry: C:\Users\liyakath.s\.p2\pool\plugins\org.eclipse.m2e.maven.runtime_3.9.900.20240824-1409\jars\maven-resolver-impl-1.9.22.jar
2025-04-28 16:42:22,719 [Worker-25: Launching mavenrun-8e3a7325-1414-45d7-b519-2f77e61a7b81] INFO  o.eclipse.m2e.core.internal.Bundles - 	Entry: C:\Users\liyakath.s\.p2\pool\plugins\org.eclipse.m2e.maven.runtime_3.9.900.20240824-1409\jars\maven-resolver-named-locks-1.9.22.jar
2025-04-28 16:42:22,720 [Worker-25: Launching mavenrun-8e3a7325-1414-45d7-b519-2f77e61a7b81] INFO  o.eclipse.m2e.core.internal.Bundles - 	Entry: C:\Users\liyakath.s\.p2\pool\plugins\org.eclipse.m2e.maven.runtime_3.9.900.20240824-1409\jars\maven-resolver-provider-3.9.9.jar
2025-04-28 16:42:22,720 [Worker-25: Launching mavenrun-8e3a7325-1414-45d7-b519-2f77e61a7b81] INFO  o.eclipse.m2e.core.internal.Bundles - 	Entry: C:\Users\liyakath.s\.p2\pool\plugins\org.eclipse.m2e.maven.runtime_3.9.900.20240824-1409\jars\maven-resolver-spi-1.9.22.jar
2025-04-28 16:42:22,720 [Worker-25: Launching mavenrun-8e3a7325-1414-45d7-b519-2f77e61a7b81] INFO  o.eclipse.m2e.core.internal.Bundles - 	Entry: C:\Users\liyakath.s\.p2\pool\plugins\org.eclipse.m2e.maven.runtime_3.9.900.20240824-1409\jars\maven-resolver-transport-file-1.9.22.jar
2025-04-28 16:42:22,721 [Worker-25: Launching mavenrun-8e3a7325-1414-45d7-b519-2f77e61a7b81] INFO  o.eclipse.m2e.core.internal.Bundles - 	Entry: C:\Users\liyakath.s\.p2\pool\plugins\org.eclipse.m2e.maven.runtime_3.9.900.20240824-1409\jars\maven-resolver-transport-http-1.9.22.jar
2025-04-28 16:42:22,721 [Worker-25: Launching mavenrun-8e3a7325-1414-45d7-b519-2f77e61a7b81] INFO  o.eclipse.m2e.core.internal.Bundles - 	Entry: C:\Users\liyakath.s\.p2\pool\plugins\org.eclipse.m2e.maven.runtime_3.9.900.20240824-1409\jars\maven-resolver-transport-wagon-1.9.22.jar
2025-04-28 16:42:22,721 [Worker-25: Launching mavenrun-8e3a7325-1414-45d7-b519-2f77e61a7b81] INFO  o.eclipse.m2e.core.internal.Bundles - 	Entry: C:\Users\liyakath.s\.p2\pool\plugins\org.eclipse.m2e.maven.runtime_3.9.900.20240824-1409\jars\maven-resolver-util-1.9.22.jar
2025-04-28 16:42:22,721 [Worker-25: Launching mavenrun-8e3a7325-1414-45d7-b519-2f77e61a7b81] INFO  o.eclipse.m2e.core.internal.Bundles - 	Entry: C:\Users\liyakath.s\.p2\pool\plugins\org.eclipse.m2e.maven.runtime_3.9.900.20240824-1409\jars\maven-settings-3.9.9.jar
2025-04-28 16:42:22,722 [Worker-25: Launching mavenrun-8e3a7325-1414-45d7-b519-2f77e61a7b81] INFO  o.eclipse.m2e.core.internal.Bundles - 	Entry: C:\Users\liyakath.s\.p2\pool\plugins\org.eclipse.m2e.maven.runtime_3.9.900.20240824-1409\jars\maven-settings-builder-3.9.9.jar
2025-04-28 16:42:22,722 [Worker-25: Launching mavenrun-8e3a7325-1414-45d7-b519-2f77e61a7b81] INFO  o.eclipse.m2e.core.internal.Bundles - 	Entry: C:\Users\liyakath.s\.p2\pool\plugins\org.eclipse.m2e.maven.runtime_3.9.900.20240824-1409\jars\maven-shared-utils-3.4.2.jar
2025-04-28 16:42:22,722 [Worker-25: Launching mavenrun-8e3a7325-1414-45d7-b519-2f77e61a7b81] INFO  o.eclipse.m2e.core.internal.Bundles - 	Entry: C:\Users\liyakath.s\.p2\pool\plugins\org.eclipse.m2e.maven.runtime_3.9.900.20240824-1409\jars\org.eclipse.sisu.inject-0.9.0.M3.jar
2025-04-28 16:42:22,723 [Worker-25: Launching mavenrun-8e3a7325-1414-45d7-b519-2f77e61a7b81] INFO  o.eclipse.m2e.core.internal.Bundles - 	Entry: C:\Users\liyakath.s\.p2\pool\plugins\org.eclipse.m2e.maven.runtime_3.9.900.20240824-1409\jars\org.eclipse.sisu.plexus-0.9.0.M3.jar
2025-04-28 16:42:22,723 [Worker-25: Launching mavenrun-8e3a7325-1414-45d7-b519-2f77e61a7b81] INFO  o.eclipse.m2e.core.internal.Bundles - 	Entry: C:\Users\liyakath.s\.p2\pool\plugins\org.eclipse.m2e.maven.runtime_3.9.900.20240824-1409\jars\plexus-build-api-0.0.7.jar
2025-04-28 16:42:22,724 [Worker-25: Launching mavenrun-8e3a7325-1414-45d7-b519-2f77e61a7b81] INFO  o.eclipse.m2e.core.internal.Bundles - 	Entry: C:\Users\liyakath.s\.p2\pool\plugins\org.eclipse.m2e.maven.runtime_3.9.900.20240824-1409\jars\plexus-build-api-1.2.0.jar
2025-04-28 16:42:22,724 [Worker-25: Launching mavenrun-8e3a7325-1414-45d7-b519-2f77e61a7b81] INFO  o.eclipse.m2e.core.internal.Bundles - 	Entry: C:\Users\liyakath.s\.p2\pool\plugins\org.eclipse.m2e.maven.runtime_3.9.900.20240824-1409\jars\plexus-cipher-2.0.jar
2025-04-28 16:42:22,725 [Worker-25: Launching mavenrun-8e3a7325-1414-45d7-b519-2f77e61a7b81] INFO  o.eclipse.m2e.core.internal.Bundles - 	Entry: C:\Users\liyakath.s\.p2\pool\plugins\org.eclipse.m2e.maven.runtime_3.9.900.20240824-1409\jars\plexus-classworlds-2.8.0.jar
2025-04-28 16:42:22,725 [Worker-25: Launching mavenrun-8e3a7325-1414-45d7-b519-2f77e61a7b81] INFO  o.eclipse.m2e.core.internal.Bundles - 	Entry: C:\Users\liyakath.s\.p2\pool\plugins\org.eclipse.m2e.maven.runtime_3.9.900.20240824-1409\jars\plexus-component-annotations-2.1.0.jar
2025-04-28 16:42:22,725 [Worker-25: Launching mavenrun-8e3a7325-1414-45d7-b519-2f77e61a7b81] INFO  o.eclipse.m2e.core.internal.Bundles - 	Entry: C:\Users\liyakath.s\.p2\pool\plugins\org.eclipse.m2e.maven.runtime_3.9.900.20240824-1409\jars\plexus-interpolation-1.27.jar
2025-04-28 16:42:22,725 [Worker-25: Launching mavenrun-8e3a7325-1414-45d7-b519-2f77e61a7b81] INFO  o.eclipse.m2e.core.internal.Bundles - 	Entry: C:\Users\liyakath.s\.p2\pool\plugins\org.eclipse.m2e.maven.runtime_3.9.900.20240824-1409\jars\plexus-sec-dispatcher-2.0.jar
2025-04-28 16:42:22,726 [Worker-25: Launching mavenrun-8e3a7325-1414-45d7-b519-2f77e61a7b81] INFO  o.eclipse.m2e.core.internal.Bundles - 	Entry: C:\Users\liyakath.s\.p2\pool\plugins\org.eclipse.m2e.maven.runtime_3.9.900.20240824-1409\jars\plexus-utils-3.5.1.jar
2025-04-28 16:42:22,726 [Worker-25: Launching mavenrun-8e3a7325-1414-45d7-b519-2f77e61a7b81] INFO  o.eclipse.m2e.core.internal.Bundles - 	Entry: C:\Users\liyakath.s\.p2\pool\plugins\org.eclipse.m2e.maven.runtime_3.9.900.20240824-1409\jars\plexus-xml-3.0.1.jar
2025-04-28 16:42:22,726 [Worker-25: Launching mavenrun-8e3a7325-1414-45d7-b519-2f77e61a7b81] INFO  o.eclipse.m2e.core.internal.Bundles - 	Entry: C:\Users\liyakath.s\.p2\pool\plugins\org.eclipse.m2e.maven.runtime_3.9.900.20240824-1409\jars\wagon-file-3.5.3.jar
2025-04-28 16:42:22,726 [Worker-25: Launching mavenrun-8e3a7325-1414-45d7-b519-2f77e61a7b81] INFO  o.eclipse.m2e.core.internal.Bundles - 	Entry: C:\Users\liyakath.s\.p2\pool\plugins\org.eclipse.m2e.maven.runtime_3.9.900.20240824-1409\jars\wagon-http-3.5.3.jar
2025-04-28 16:42:22,727 [Worker-25: Launching mavenrun-8e3a7325-1414-45d7-b519-2f77e61a7b81] INFO  o.eclipse.m2e.core.internal.Bundles - 	Entry: C:\Users\liyakath.s\.p2\pool\plugins\org.eclipse.m2e.maven.runtime_3.9.900.20240824-1409\jars\wagon-http-shared-3.5.3.jar
2025-04-28 16:42:22,727 [Worker-25: Launching mavenrun-8e3a7325-1414-45d7-b519-2f77e61a7b81] INFO  o.eclipse.m2e.core.internal.Bundles - 	Entry: C:\Users\liyakath.s\.p2\pool\plugins\org.eclipse.m2e.maven.runtime_3.9.900.20240824-1409\jars\wagon-provider-api-3.5.3.jar
2025-04-28 16:42:22,729 [Worker-25: Launching mavenrun-8e3a7325-1414-45d7-b519-2f77e61a7b81] INFO  o.eclipse.m2e.core.internal.Bundles - getClasspathEntries(Bundle=com.google.guava_33.3.0.jre [10])
2025-04-28 16:42:22,729 [Worker-25: Launching mavenrun-8e3a7325-1414-45d7-b519-2f77e61a7b81] INFO  o.eclipse.m2e.core.internal.Bundles - 	Entry: C:\Users\liyakath.s\.p2\pool\plugins\com.google.guava_33.3.0.jre.jar
2025-04-28 16:42:22,729 [Worker-25: Launching mavenrun-8e3a7325-1414-45d7-b519-2f77e61a7b81] INFO  o.eclipse.m2e.core.internal.Bundles - getClasspathEntries(Bundle=slf4j.api_2.0.16 [521])
2025-04-28 16:42:22,730 [Worker-25: Launching mavenrun-8e3a7325-1414-45d7-b519-2f77e61a7b81] INFO  o.eclipse.m2e.core.internal.Bundles - 	Entry: C:\Users\liyakath.s\.p2\pool\plugins\slf4j.api_2.0.16.jar
2025-04-28 16:42:22,730 [Worker-25: Launching mavenrun-8e3a7325-1414-45d7-b519-2f77e61a7b81] INFO  o.eclipse.m2e.core.internal.Bundles - getClasspathEntries(Bundle=jakarta.inject.jakarta.inject-api_1.0.5 [22])
2025-04-28 16:42:22,730 [Worker-25: Launching mavenrun-8e3a7325-1414-45d7-b519-2f77e61a7b81] INFO  o.eclipse.m2e.core.internal.Bundles - 	Entry: C:\Users\liyakath.s\.p2\pool\plugins\jakarta.inject.jakarta.inject-api_1.0.5.jar
2025-04-28 16:42:22,730 [Worker-25: Launching mavenrun-8e3a7325-1414-45d7-b519-2f77e61a7b81] INFO  o.eclipse.m2e.core.internal.Bundles - getClasspathEntries(Bundle=jakarta.annotation-api_1.3.5 [20])
2025-04-28 16:42:22,731 [Worker-25: Launching mavenrun-8e3a7325-1414-45d7-b519-2f77e61a7b81] INFO  o.eclipse.m2e.core.internal.Bundles - 	Entry: C:\Users\liyakath.s\.p2\pool\plugins\jakarta.annotation-api_1.3.5.jar
2025-04-28 16:42:22,731 [Worker-25: Launching mavenrun-8e3a7325-1414-45d7-b519-2f77e61a7b81] INFO  o.eclipse.m2e.core.internal.Bundles - getClasspathEntries(Bundle=org.apache.commons.cli_1.9.0 [47])
2025-04-28 16:42:22,731 [Worker-25: Launching mavenrun-8e3a7325-1414-45d7-b519-2f77e61a7b81] INFO  o.eclipse.m2e.core.internal.Bundles - 	Entry: C:\Users\liyakath.s\.p2\pool\plugins\org.apache.commons.cli_1.9.0.jar
2025-04-28 16:42:22,731 [Worker-25: Launching mavenrun-8e3a7325-1414-45d7-b519-2f77e61a7b81] INFO  o.eclipse.m2e.core.internal.Bundles - getClasspathEntries(Bundle=org.apache.commons.commons-codec_1.16.0 [50])
2025-04-28 16:42:22,732 [Worker-25: Launching mavenrun-8e3a7325-1414-45d7-b519-2f77e61a7b81] INFO  o.eclipse.m2e.core.internal.Bundles - 	Entry: C:\Users\liyakath.s\.p2\pool\plugins\org.apache.commons.commons-codec_1.16.0.jar
2025-04-28 16:42:22,732 [Worker-25: Launching mavenrun-8e3a7325-1414-45d7-b519-2f77e61a7b81] INFO  o.eclipse.m2e.core.internal.Bundles - getClasspathEntries(Bundle=com.google.guava.failureaccess_1.0.2 [11])
2025-04-28 16:42:22,732 [Worker-25: Launching mavenrun-8e3a7325-1414-45d7-b519-2f77e61a7b81] INFO  o.eclipse.m2e.core.internal.Bundles - 	Entry: C:\Users\liyakath.s\.p2\pool\plugins\com.google.guava.failureaccess_1.0.2.jar
2025-04-28 16:42:22,745 [Worker-25: Launching mavenrun-8e3a7325-1414-45d7-b519-2f77e61a7b81] INFO  o.e.m.i.launch.MavenLaunchDelegate - Run build in "C:\Users\liyakath.s\AppData\Local\Temp\m2e-archetypeGenerator8949300311531098498":
2025-04-28 16:42:22,749 [Worker-25: Launching mavenrun-8e3a7325-1414-45d7-b519-2f77e61a7b81] INFO  o.e.m.i.launch.MavenLaunchDelegate -  mvn  -DjavaCompilerVersion=17 -DjunitVersion=5.11.0 -DarchetypeGroupId=org.apache.maven.archetypes -DarchetypeArtifactId=maven-archetype-quickstart -DarchetypeVersion=1.5 -DgroupId=com.tezo -DartifactId=MTM -Dversion=0.0.1-SNAPSHOT -Dpackage=com.tezo.MTM -DoutputDirectory=D:\Automation -Dstyle.color=always -U archetype:generate
2025-04-28 16:42:49,051 [Worker-17: Creating maven-archetype-quickstart] INFO  o.e.m.c.i.p.ProjectConfigurationManager - Collecting project info '/pom.xml' D:\Automation\MTM\pom.xml
2025-04-28 16:42:50,602 [Worker-17: Creating maven-archetype-quickstart] INFO  o.e.m.c.i.l.LifecycleMappingFactory - Using org.eclipse.m2e.jdt.JarLifecycleMapping lifecycle mapping for MavenProject: com.tezo:MTM:0.0.1-SNAPSHOT @ D:\Automation\MTM\pom.xml.
2025-04-28 16:42:50,692 [Worker-17: Creating maven-archetype-quickstart] INFO  o.e.m.c.i.e.AbstractTransferListenerAdapter - Downloading https://repo.maven.apache.org/maven2/org/junit/jupiter/junit-jupiter-api/5.11.0/junit-jupiter-api-5.11.0.pom
2025-04-28 16:42:50,714 [Worker-17: Creating maven-archetype-quickstart] INFO  o.e.m.c.i.e.AbstractTransferListenerAdapter - Downloaded https://repo.maven.apache.org/maven2/org/junit/jupiter/junit-jupiter-api/5.11.0/junit-jupiter-api-5.11.0.pom
2025-04-28 16:42:50,755 [Worker-17: Creating maven-archetype-quickstart] INFO  o.e.m.c.i.e.AbstractTransferListenerAdapter - Downloading https://repo.maven.apache.org/maven2/org/opentest4j/opentest4j/1.3.0/opentest4j-1.3.0.pom
2025-04-28 16:42:50,781 [Worker-17: Creating maven-archetype-quickstart] INFO  o.e.m.c.i.e.AbstractTransferListenerAdapter - Downloaded https://repo.maven.apache.org/maven2/org/opentest4j/opentest4j/1.3.0/opentest4j-1.3.0.pom
2025-04-28 16:42:50,827 [Worker-17: Creating maven-archetype-quickstart] INFO  o.e.m.c.i.e.AbstractTransferListenerAdapter - Downloading https://repo.maven.apache.org/maven2/org/junit/platform/junit-platform-commons/1.11.0/junit-platform-commons-1.11.0.pom
2025-04-28 16:42:50,853 [Worker-17: Creating maven-archetype-quickstart] INFO  o.e.m.c.i.e.AbstractTransferListenerAdapter - Downloaded https://repo.maven.apache.org/maven2/org/junit/platform/junit-platform-commons/1.11.0/junit-platform-commons-1.11.0.pom
2025-04-28 16:42:50,905 [Worker-17: Creating maven-archetype-quickstart] INFO  o.e.m.c.i.e.AbstractTransferListenerAdapter - Downloading https://repo.maven.apache.org/maven2/org/junit/jupiter/junit-jupiter-params/5.11.0/junit-jupiter-params-5.11.0.pom
2025-04-28 16:42:50,927 [Worker-17: Creating maven-archetype-quickstart] INFO  o.e.m.c.i.e.AbstractTransferListenerAdapter - Downloaded https://repo.maven.apache.org/maven2/org/junit/jupiter/junit-jupiter-params/5.11.0/junit-jupiter-params-5.11.0.pom
2025-04-28 16:42:50,958 [Worker-17: Creating maven-archetype-quickstart] INFO  o.e.m.c.i.e.AbstractTransferListenerAdapter - Downloading https://repo.maven.apache.org/maven2/org/junit/jupiter/junit-jupiter-api/5.11.0/junit-jupiter-api-5.11.0.jar
2025-04-28 16:42:51,380 [Worker-17: Creating maven-archetype-quickstart] INFO  o.e.m.c.i.e.AbstractTransferListenerAdapter - Downloaded https://repo.maven.apache.org/maven2/org/junit/jupiter/junit-jupiter-api/5.11.0/junit-jupiter-api-5.11.0.jar
2025-04-28 16:42:51,387 [BasicRepositoryConnector-repo.maven.apache.org-0-0] INFO  o.e.m.c.i.e.AbstractTransferListenerAdapter - Downloading https://repo.maven.apache.org/maven2/org/opentest4j/opentest4j/1.3.0/opentest4j-1.3.0.jar
2025-04-28 16:42:51,430 [BasicRepositoryConnector-repo.maven.apache.org-0-2] INFO  o.e.m.c.i.e.AbstractTransferListenerAdapter - Downloading https://repo.maven.apache.org/maven2/org/junit/jupiter/junit-jupiter-params/5.11.0/junit-jupiter-params-5.11.0.jar
2025-04-28 16:42:51,430 [BasicRepositoryConnector-repo.maven.apache.org-0-1] INFO  o.e.m.c.i.e.AbstractTransferListenerAdapter - Downloading https://repo.maven.apache.org/maven2/org/junit/platform/junit-platform-commons/1.11.0/junit-platform-commons-1.11.0.jar
2025-04-28 16:42:51,472 [BasicRepositoryConnector-repo.maven.apache.org-0-0] INFO  o.e.m.c.i.e.AbstractTransferListenerAdapter - Downloaded https://repo.maven.apache.org/maven2/org/opentest4j/opentest4j/1.3.0/opentest4j-1.3.0.jar
2025-04-28 16:42:51,622 [BasicRepositoryConnector-repo.maven.apache.org-0-1] INFO  o.e.m.c.i.e.AbstractTransferListenerAdapter - Downloaded https://repo.maven.apache.org/maven2/org/junit/platform/junit-platform-commons/1.11.0/junit-platform-commons-1.11.0.jar
2025-04-28 16:42:52,140 [BasicRepositoryConnector-repo.maven.apache.org-0-2] INFO  o.e.m.c.i.e.AbstractTransferListenerAdapter - Downloaded https://repo.maven.apache.org/maven2/org/junit/jupiter/junit-jupiter-params/5.11.0/junit-jupiter-params-5.11.0.jar
2025-04-28 16:42:55,435 [Worker-17: Creating maven-archetype-quickstart] INFO  o.e.m.j.i.AbstractJavaProjectConfigurator - Adding source folder /MTM/src/main/java
2025-04-28 16:42:55,437 [Worker-17: Creating maven-archetype-quickstart] INFO  o.e.m.j.i.AbstractJavaProjectConfigurator - Adding resource folder /MTM/src/main/resources
2025-04-28 16:42:55,445 [Worker-17: Creating maven-archetype-quickstart] INFO  o.e.m.j.i.AbstractJavaProjectConfigurator - Adding source folder /MTM/src/test/java
2025-04-28 16:42:55,446 [Worker-17: Creating maven-archetype-quickstart] INFO  o.e.m.j.i.AbstractJavaProjectConfigurator - Adding resource folder /MTM/src/test/resources
2025-04-28 16:42:55,861 [Worker-27: Download sources and javadoc] INFO  o.e.m.c.i.e.AbstractTransferListenerAdapter - Downloading https://repo.maven.apache.org/maven2/org/junit/jupiter/junit-jupiter-api/5.11.0/junit-jupiter-api-5.11.0-sources.jar
2025-04-28 16:42:55,888 [Worker-17: Creating maven-archetype-quickstart] INFO  o.e.m.c.i.p.ProjectConfigurationManager - Imported and configured 1 project(s) in 6 sec
2025-04-28 16:42:58,479 [Worker-27: Download sources and javadoc] INFO  o.e.m.c.i.e.AbstractTransferListenerAdapter - Downloaded https://repo.maven.apache.org/maven2/org/junit/jupiter/junit-jupiter-api/5.11.0/junit-jupiter-api-5.11.0-sources.jar
2025-04-28 16:42:58,503 [Worker-27: Download sources and javadoc] INFO  o.e.m.j.internal.DownloadSourcesJob - Downloaded sources for org.junit.jupiter:junit-jupiter-api:5.11.0
2025-04-28 16:42:58,570 [Worker-27: Download sources and javadoc] INFO  o.e.m.c.i.e.AbstractTransferListenerAdapter - Downloading https://repo.maven.apache.org/maven2/org/opentest4j/opentest4j/1.3.0/opentest4j-1.3.0-sources.jar
2025-04-28 16:42:58,812 [Worker-27: Download sources and javadoc] INFO  o.e.m.c.i.e.AbstractTransferListenerAdapter - Downloaded https://repo.maven.apache.org/maven2/org/opentest4j/opentest4j/1.3.0/opentest4j-1.3.0-sources.jar
2025-04-28 16:42:58,882 [Worker-27: Download sources and javadoc] INFO  o.e.m.j.internal.DownloadSourcesJob - Downloaded sources for org.opentest4j:opentest4j:1.3.0
2025-04-28 16:42:58,944 [Worker-27: Download sources and javadoc] INFO  o.e.m.c.i.e.AbstractTransferListenerAdapter - Downloading https://repo.maven.apache.org/maven2/org/junit/platform/junit-platform-commons/1.11.0/junit-platform-commons-1.11.0-sources.jar
2025-04-28 16:42:59,745 [Worker-27: Download sources and javadoc] INFO  o.e.m.c.i.e.AbstractTransferListenerAdapter - Downloaded https://repo.maven.apache.org/maven2/org/junit/platform/junit-platform-commons/1.11.0/junit-platform-commons-1.11.0-sources.jar
2025-04-28 16:42:59,765 [Worker-27: Download sources and javadoc] INFO  o.e.m.j.internal.DownloadSourcesJob - Downloaded sources for org.junit.platform:junit-platform-commons:1.11.0
2025-04-28 16:42:59,841 [Worker-27: Download sources and javadoc] INFO  o.e.m.c.i.e.AbstractTransferListenerAdapter - Downloading https://repo.maven.apache.org/maven2/org/junit/jupiter/junit-jupiter-params/5.11.0/junit-jupiter-params-5.11.0-sources.jar
2025-04-28 16:43:00,741 [Worker-27: Download sources and javadoc] INFO  o.e.m.c.i.e.AbstractTransferListenerAdapter - Downloaded https://repo.maven.apache.org/maven2/org/junit/jupiter/junit-jupiter-params/5.11.0/junit-jupiter-params-5.11.0-sources.jar
2025-04-28 16:43:00,757 [Worker-27: Download sources and javadoc] INFO  o.e.m.j.internal.DownloadSourcesJob - Downloaded sources for org.junit.jupiter:junit-jupiter-params:5.11.0
2025-04-28 16:43:03,753 [Worker-29: Building] INFO  o.a.m.s.f.DefaultMavenResourcesFiltering - skip non existing resourceDirectory D:\Automation\MTM\src\main\resources
2025-04-28 16:43:03,758 [Worker-29: Building] INFO  o.a.m.s.f.DefaultMavenResourcesFiltering - skip non existing resourceDirectory D:\Automation\MTM\src\test\resources
